<?xml version='1.0' encoding='UTF-8' ?>
<testsuites tests="63" failures="0" errors="0" skipped="0" time="90.146" timestamp="2026-09-19T08:01:44" hostname="localhost">
  <testsuite name="com.example.pix.BackupRepositoryTest" tests="4" failures="0" errors="0" skipped="0" time="1.408" timestamp="2026-09-19T08:01:44" hostname="localhost">
    <properties>
      <property name="device" value="Samsung_s25_ultra(AVD) - 17" />
      <property name="flavor" value="" />
      <property name="project" value=":app" />
    </properties>
    <testcase name="roundTripIncludesRelationsImagesDurationHistoryAndRepeats" classname="com.example.pix.BackupRepositoryTest" time="0.863" />
    <testcase name="failedReplacementRollsBackExistingData" classname="com.example.pix.BackupRepositoryTest" time="0.055" />
    <testcase name="rejectsTraversalUnknownVersionAndInvalidRelationsWithoutChangingData" classname="com.example.pix.BackupRepositoryTest" time="0.31" />
    <testcase name="rejectsInvalidDurationsAndMissingImages" classname="com.example.pix.BackupRepositoryTest" time="0.18" />
  </testsuite>
  <testsuite name="com.example.pix.CalendarUiTest" tests="1" failures="0" errors="0" skipped="0" time="12.456" timestamp="2026-09-19T08:01:44" hostname="localhost">
    <properties>
      <property name="device" value="Samsung_s25_ultra(AVD) - 17" />
      <property name="flavor" value="" />
      <property name="project" value=":app" />
    </properties>
    <testcase name="selectedDayPrepopulatesQuickAddAndSurvivesMonthNavigation" classname="com.example.pix.CalendarUiTest" time="12.456" />
  </testsuite>
  <testsuite name="com.example.pix.DurationRepositoryTest" tests="4" failures="0" errors="0" skipped="0" time="0.233" timestamp="2026-09-19T08:01:44" hostname="localhost">
    <properties>
      <property name="device" value="Samsung_s25_ultra(AVD) - 17" />
      <property name="flavor" value="" />
      <property name="project" value=":app" />
    </properties>
    <testcase name="durationSurvivesRecurrenceDuplicateAndPostpone" classname="com.example.pix.DurationRepositoryTest" time="0.178" />
    <testcase name="timedEndAndOverdueUseActualRangeBoundary" classname="com.example.pix.DurationRepositoryTest" time="0.001" />
    <testcase name="newestSubtaskIsFirstAndCompletedItemsRemainLast" classname="com.example.pix.DurationRepositoryTest" time="0.027" />
    <testcase name="rangeAppearsOnEveryOccupiedDayAndCalendarMark" classname="com.example.pix.DurationRepositoryTest" time="0.027" />
  </testsuite>
  <testsuite name="com.example.pix.EditorViewModelTest" tests="1" failures="0" errors="0" skipped="0" time="0.654" timestamp="2026-09-19T08:01:44" hostname="localhost">
    <properties>
      <property name="device" value="Samsung_s25_ultra(AVD) - 17" />
      <property name="flavor" value="" />
      <property name="project" value=":app" />
    </properties>
    <testcase name="rapidEditsFlushWithoutRevertingCompletionAndUntouchedDraftDoesNotRevertSnooze" classname="com.example.pix.EditorViewModelTest" time="0.654" />
  </testsuite>
  <testsuite name="com.example.pix.ExampleInstrumentedTest" tests="1" failures="0" errors="0" skipped="0" time="0.002" timestamp="2026-09-19T08:01:44" hostname="localhost">
    <properties>
      <property name="device" value="Samsung_s25_ultra(AVD) - 17" />
      <property name="flavor" value="" />
      <property name="project" value=":app" />
    </properties>
    <testcase name="useAppContext" classname="com.example.pix.ExampleInstrumentedTest" time="0.002" />
  </testsuite>
  <testsuite name="com.example.pix.InteractionRepositoryTest" tests="5" failures="0" errors="0" skipped="0" time="0.11" timestamp="2026-09-19T08:01:44" hostname="localhost">
    <properties>
      <property name="device" value="Samsung_s25_ultra(AVD) - 17" />
      <property name="flavor" value="" />
      <property name="project" value=":app" />
    </properties>
    <testcase name="listOrderKeepsInboxFixed" classname="com.example.pix.InteractionRepositoryTest" time="0.027" />
    <testcase name="reorderPreservesHiddenRowsAndRejectsOtherGroups" classname="com.example.pix.InteractionRepositoryTest" time="0.028" />
    <testcase name="scopedMoveAndPostponePreserveContentAndSeriesAnchor" classname="com.example.pix.InteractionRepositoryTest" time="0.027" />
    <testcase name="subtaskOrderCopiesToFutureWithoutCompletingParent" classname="com.example.pix.InteractionRepositoryTest" time="0.027" />
    <testcase name="reorderKeepsOtherListSlotsInMixedHome" classname="com.example.pix.InteractionRepositoryTest" time="0.001" />
  </testsuite>
  <testsuite name="com.example.pix.InteractionUiTest" tests="2" failures="0" errors="0" skipped="0" time="10.025" timestamp="2026-09-19T08:01:44" hostname="localhost">
    <properties>
      <property name="device" value="Samsung_s25_ultra(AVD) - 17" />
      <property name="flavor" value="" />
      <property name="project" value=":app" />
    </properties>
    <testcase name="manualTaskDragAndAccessibleListOrder" classname="com.example.pix.InteractionUiTest" time="5.046" />
    <testcase name="swipeCompleteUndoAndPostponeArePersisted" classname="com.example.pix.InteractionUiTest" time="4.979" />
  </testsuite>
  <testsuite name="com.example.pix.LocalLoadTest" tests="1" failures="0" errors="0" skipped="0" time="0.736" timestamp="2026-09-19T08:01:44" hostname="localhost">
    <properties>
      <property name="device" value="Samsung_s25_ultra(AVD) - 17" />
      <property name="flavor" value="" />
      <property name="project" value=":app" />
    </properties>
    <testcase name="fiveHundredTasksKeepFiltersAndReorderingConsistent" classname="com.example.pix.LocalLoadTest" time="0.736" />
  </testsuite>
  <testsuite name="com.example.pix.MigrationTest" tests="4" failures="0" errors="0" skipped="0" time="0.133" timestamp="2026-09-19T08:01:44" hostname="localhost">
    <properties>
      <property name="device" value="Samsung_s25_ultra(AVD) - 17" />
      <property name="flavor" value="" />
      <property name="project" value=":app" />
    </properties>
    <testcase name="versionOneDataSurvivesMigration" classname="com.example.pix.MigrationTest" time="0.028" />
    <testcase name="versionFourDataSurvivesMigration" classname="com.example.pix.MigrationTest" time="0.026" />
    <testcase name="versionTwoDataSurvivesMigration" classname="com.example.pix.MigrationTest" time="0.052" />
    <testcase name="versionThreeDataSurvivesMigration" classname="com.example.pix.MigrationTest" time="0.027" />
  </testsuite>
  <testsuite name="com.example.pix.NotificationPlatformTest" tests="2" failures="0" errors="0" skipped="0" time="0.282" timestamp="2026-09-19T08:01:44" hostname="localhost">
    <properties>
      <property name="device" value="Samsung_s25_ultra(AVD) - 17" />
      <property name="flavor" value="" />
      <property name="project" value=":app" />
    </properties>
    <testcase name="actualNotificationActionCompletesPersistedTask" classname="com.example.pix.NotificationPlatformTest" time="0.103" />
    <testcase name="snoozeAndEditRescheduleTheRealPlatformDeadline" classname="com.example.pix.NotificationPlatformTest" time="0.179" />
  </testsuite>
  <testsuite name="com.example.pix.PersonalizationRepositoryTest" tests="3" failures="0" errors="0" skipped="0" time="0.069" timestamp="2026-09-19T08:01:44" hostname="localhost">
    <properties>
      <property name="device" value="Samsung_s25_ultra(AVD) - 17" />
      <property name="flavor" value="" />
      <property name="project" value=":app" />
    </properties>
    <testcase name="importedImageIsOwnedAndDuplicateRetainsReference" classname="com.example.pix.PersonalizationRepositoryTest" time="0.038" />
    <testcase name="imagesRespectRecurringOccurrenceAndFutureScopes" classname="com.example.pix.PersonalizationRepositoryTest" time="0.001" />
    <testcase name="listIconCanChangeIncludingInboxWithoutRenamingIt" classname="com.example.pix.PersonalizationRepositoryTest" time="0.03" />
  </testsuite>
  <testsuite name="com.example.pix.PersonalizationUiTest" tests="3" failures="0" errors="0" skipped="0" time="13.164" timestamp="2026-09-19T08:01:44" hostname="localhost">
    <properties>
      <property name="device" value="Samsung_s25_ultra(AVD) - 17" />
      <property name="flavor" value="" />
      <property name="project" value=":app" />
    </properties>
    <testcase name="colorAndStartupPreferencesPersist" classname="com.example.pix.PersonalizationUiTest" time="4.115" />
    <testcase name="blankQuickAddExpandsAndSavesWithoutLosingTitle" classname="com.example.pix.PersonalizationUiTest" time="5.298" />
    <testcase name="longSubtaskWrapsAndImageAppearsInsideEditor" classname="com.example.pix.PersonalizationUiTest" time="3.751" />
  </testsuite>
  <testsuite name="com.example.pix.PlanningRepositoryTest" tests="2" failures="0" errors="0" skipped="0" time="0.209" timestamp="2026-09-19T08:01:44" hostname="localhost">
    <properties>
      <property name="device" value="Samsung_s25_ultra(AVD) - 17" />
      <property name="flavor" value="" />
      <property name="project" value=":app" />
    </properties>
    <testcase name="matrixOverridesPersistAndFollowRecurrenceScope" classname="com.example.pix.PlanningRepositoryTest" time="0.081" />
    <testcase name="tomorrowIsCalendarDayAcrossDstWithFiltersAndHiddenTemplates" classname="com.example.pix.PlanningRepositoryTest" time="0.128" />
  </testsuite>
  <testsuite name="com.example.pix.PlanningUiTest" tests="3" failures="0" errors="0" skipped="0" time="16.499" timestamp="2026-09-19T08:01:44" hostname="localhost">
    <properties>
      <property name="device" value="Samsung_s25_ultra(AVD) - 17" />
      <property name="flavor" value="" />
      <property name="project" value=":app" />
    </properties>
    <testcase name="tomorrowQuickAddPrepopulatesDate" classname="com.example.pix.PlanningUiTest" time="4.835" />
    <testcase name="weeklyHourCreatesTimedTaskAndWeekNavigationPreservesSelection" classname="com.example.pix.PlanningUiTest" time="4.542" />
    <testcase name="matrixSupportsContextualAddRulesAndSavedLayout" classname="com.example.pix.PlanningUiTest" time="7.122" />
  </testsuite>
  <testsuite name="com.example.pix.PriorityThemeTest" tests="1" failures="0" errors="0" skipped="0" time="1.551" timestamp="2026-09-19T08:01:44" hostname="localhost">
    <properties>
      <property name="device" value="Samsung_s25_ultra(AVD) - 17" />
      <property name="flavor" value="" />
      <property name="project" value=":app" />
    </properties>
    <testcase name="lowPriorityStaysBlueWithPinkAccent" classname="com.example.pix.PriorityThemeTest" time="1.551" />
  </testsuite>
  <testsuite name="com.example.pix.QuickAddTest" tests="1" failures="0" errors="0" skipped="0" time="3.845" timestamp="2026-09-19T08:01:44" hostname="localhost">
    <properties>
      <property name="device" value="Samsung_s25_ultra(AVD) - 17" />
      <property name="flavor" value="" />
      <property name="project" value=":app" />
    </properties>
    <testcase name="quickAddPersistsAndCompletionCanBeUndone" classname="com.example.pix.QuickAddTest" time="3.845" />
  </testsuite>
  <testsuite name="com.example.pix.RecurrenceRepositoryTest" tests="9" failures="0" errors="0" skipped="0" time="0.515" timestamp="2026-09-19T08:01:44" hostname="localhost">
    <properties>
      <property name="device" value="Samsung_s25_ultra(AVD) - 17" />
      <property name="flavor" value="" />
      <property name="project" value=":app" />
    </properties>
    <testcase name="futureNotesEditPreservesMonthEndAnchor" classname="com.example.pix.RecurrenceRepositoryTest" time="0.183" />
    <testcase name="futureSplitPreservesHistoryAndChangesFollowingTasks" classname="com.example.pix.RecurrenceRepositoryTest" time="0.065" />
    <testcase name="tagsAndSubtasksAreCopiedAndExcludedFromCountsForTemplate" classname="com.example.pix.RecurrenceRepositoryTest" time="0.077" />
    <testcase name="reminderCompletionUsesSameRecurrencePath" classname="com.example.pix.RecurrenceRepositoryTest" time="0.004" />
    <testcase name="editingHistoryDoesNotReopenPreviouslyEndedSegment" classname="com.example.pix.RecurrenceRepositoryTest" time="0.128" />
    <testcase name="skipSingleGeneratesNextButDeleteFutureStopsSeries" classname="com.example.pix.RecurrenceRepositoryTest" time="0.001" />
    <testcase name="onlyThisDoesNotChangeTemplateAndRetainsOriginalDate" classname="com.example.pix.RecurrenceRepositoryTest" time="0.051" />
    <testcase name="completionPreservesHistoryAndGeneratesExactlyOneSuccessor" classname="com.example.pix.RecurrenceRepositoryTest" time="0.002" />
    <testcase name="disablingOnlyThisContinuesSeriesAndDuplicateIsIndependent" classname="com.example.pix.RecurrenceRepositoryTest" time="0.004" />
  </testsuite>
  <testsuite name="com.example.pix.RecurrenceUiTest" tests="1" failures="0" errors="0" skipped="0" time="10.227" timestamp="2026-09-19T08:01:44" hostname="localhost">
    <properties>
      <property name="device" value="Samsung_s25_ultra(AVD) - 17" />
      <property name="flavor" value="" />
      <property name="project" value=":app" />
    </properties>
    <testcase name="createDailyTaskAndCompleteGeneratesNextOccurrence" classname="com.example.pix.RecurrenceUiTest" time="10.227" />
  </testsuite>
  <testsuite name="com.example.pix.RefinementUiTest" tests="2" failures="0" errors="0" skipped="0" time="10.279" timestamp="2026-09-19T08:01:44" hostname="localhost">
    <properties>
      <property name="device" value="Samsung_s25_ultra(AVD) - 17" />
      <property name="flavor" value="" />
      <property name="project" value=":app" />
    </properties>
    <testcase name="editorHasConsistentToolsAndPersistsDuration" classname="com.example.pix.RefinementUiTest" time="5.843" />
    <testcase name="completedSubtasksAreStruckThroughAndNewSubtaskIsFirst" classname="com.example.pix.RefinementUiTest" time="4.436" />
  </testsuite>
  <testsuite name="com.example.pix.ReminderEngineTest" tests="5" failures="0" errors="0" skipped="0" time="0.132" timestamp="2026-09-19T08:01:44" hostname="localhost">
    <properties>
      <property name="device" value="Samsung_s25_ultra(AVD) - 17" />
      <property name="flavor" value="" />
      <property name="project" value=":app" />
    </properties>
    <testcase name="alarmAndWorkerDeliverOnceAndStaleAlarmIsIgnored" classname="com.example.pix.ReminderEngineTest" time="0.027" />
    <testcase name="editingReschedulesAndCompletionDeletionOrAllDayCancel" classname="com.example.pix.ReminderEngineTest" time="0.026" />
    <testcase name="staleActionsAreIgnoredAndSnoozeUpdatesDatabase" classname="com.example.pix.ReminderEngineTest" time="0.001" />
    <testcase name="overdueKnownReminderIsRecoveredAfterRebootButOldUnscheduledTasksAreNot" classname="com.example.pix.ReminderEngineTest" time="0.027" />
    <testcase name="deniedNotificationsNeverMarkDelivered" classname="com.example.pix.ReminderEngineTest" time="0.051" />
  </testsuite>
  <testsuite name="com.example.pix.RepositoryTest" tests="5" failures="0" errors="0" skipped="0" time="0.002" timestamp="2026-09-19T08:01:44" hostname="localhost">
    <properties>
      <property name="device" value="Samsung_s25_ultra(AVD) - 17" />
      <property name="flavor" value="" />
      <property name="project" value=":app" />
    </properties>
    <testcase name="inboxIsProtectedAndDuplicationCopiesRelations" classname="com.example.pix.RepositoryTest" time="0.0" />
    <testcase name="deleteListMovesCompletedAndActiveTasks" classname="com.example.pix.RepositoryTest" time="0.001" />
    <testcase name="roomDateFiltersAndSearchCoverMetadata" classname="com.example.pix.RepositoryTest" time="0.0" />
    <testcase name="tagNormalizationAndCascade" classname="com.example.pix.RepositoryTest" time="0.0" />
    <testcase name="editDoesNotRevertCompletionAndSubtasksAreIndependent" classname="com.example.pix.RepositoryTest" time="0.001" />
  </testsuite>
  <testsuite name="com.example.pix.TaskSharingTest" tests="2" failures="0" errors="0" skipped="0" time="0.002" timestamp="2026-09-19T08:01:44" hostname="localhost">
    <properties>
      <property name="device" value="Samsung_s25_ultra(AVD) - 17" />
      <property name="flavor" value="" />
      <property name="project" value=":app" />
    </properties>
    <testcase name="textShareIncludesIntervalTagsAndChecklist" classname="com.example.pix.TaskSharingTest" time="0.001" />
    <testcase name="imagesUseContentUrisAndTemporaryReadGrants" classname="com.example.pix.TaskSharingTest" time="0.001" />
  </testsuite>
  <testsuite name="com.example.pix.TypographySettingsTest" tests="1" failures="0" errors="0" skipped="0" time="6.322" timestamp="2026-09-19T08:01:44" hostname="localhost">
    <properties>
      <property name="device" value="Samsung_s25_ultra(AVD) - 17" />
      <property name="flavor" value="" />
      <property name="project" value=":app" />
    </properties>
    <testcase name="sizeAndFamilyChangeImmediatelyAndSurviveRecreation" classname="com.example.pix.TypographySettingsTest" time="6.322" />
  </testsuite>
</testsuites>