<?xml version="1.0" encoding="UTF-8"?>
<testsuite name="com.example.pix.TaskTimingTest" tests="4" skipped="0" failures="0" errors="0" timestamp="2026-09-18T17:53:07.914Z" hostname="ross-XPS-13-9360" time="0.002">
  <properties/>
  <testcase name="allDayRangeIncludesLeapDay" classname="com.example.pix.TaskTimingTest" time="0.001"/>
  <testcase name="allDayConversionRoundsUpAndLocalDurationSurvivesClockChanges" classname="com.example.pix.TaskTimingTest" time="0.0"/>
  <testcase name="midnightEndDoesNotOccupyFollowingDay" classname="com.example.pix.TaskTimingTest" time="0.0"/>
  <testcase name="validationRejectsInvalidRanges" classname="com.example.pix.TaskTimingTest" time="0.001"/>
  <system-out><![CDATA[]]></system-out>
  <system-err><![CDATA[]]></system-err>
</testsuite>
