<?xml version="1.0" encoding="UTF-8"?>
<testsuite name="com.example.pix.ReminderRulesTest" tests="4" skipped="0" failures="0" errors="0" timestamp="2026-09-18T17:31:18.047Z" hostname="ross-XPS-13-9360" time="0.001">
  <properties/>
  <testcase name="springGapMovesForwardAndFallOverlapUsesFirstOffset" classname="com.example.pix.ReminderRulesTest" time="0.0"/>
  <testcase name="snoozeCrossesMidnightAndNeverEarlierThanOneHour" classname="com.example.pix.ReminderRulesTest" time="0.001"/>
  <testcase name="timezoneChangeKeepsLocalAppointmentTime" classname="com.example.pix.ReminderRulesTest" time="0.0"/>
  <testcase name="onlyIncompleteTimedTasksHaveReminders" classname="com.example.pix.ReminderRulesTest" time="0.0"/>
  <system-out><![CDATA[]]></system-out>
  <system-err><![CDATA[]]></system-err>
</testsuite>
