<?xml version="1.0" encoding="UTF-8"?>
<testsuite name="com.example.pix.CalendarRulesTest" tests="2" skipped="0" failures="0" errors="0" timestamp="2026-09-18T17:31:17.968Z" hostname="ross-XPS-13-9360" time="0.032">
  <properties/>
  <testcase name="monthNavigationClampsAtEndAndCrossesYears" classname="com.example.pix.CalendarRulesTest" time="0.009"/>
  <testcase name="gridsCoverLeapFebruaryAndSixWeekMonths" classname="com.example.pix.CalendarRulesTest" time="0.018"/>
  <system-out><![CDATA[]]></system-out>
  <system-err><![CDATA[]]></system-err>
</testsuite>
