<?xml version="1.0" encoding="UTF-8"?>
<testsuite name="com.example.pix.MatrixRulesTest" tests="5" skipped="0" failures="0" errors="0" timestamp="2026-09-18T04:26:18.381Z" hostname="ross-XPS-13-9360" time="0.008">
  <properties/>
  <testcase name="minimumPriorityAndMidnightReclassifyAutomatically" classname="com.example.pix.MatrixRulesTest" time="0.003"/>
  <testcase name="fourQuadrantsUseIndependentDimensions" classname="com.example.pix.MatrixRulesTest" time="0.001"/>
  <testcase name="overdueAndInclusiveHorizonRespectLocalDatesAcrossYear" classname="com.example.pix.MatrixRulesTest" time="0.0"/>
  <testcase name="weekIsMondayFirstAndCrossesYearAndLeapDay" classname="com.example.pix.MatrixRulesTest" time="0.003"/>
  <testcase name="overridesDoNotNeedDateOrPriorityAndCanDisableBoth" classname="com.example.pix.MatrixRulesTest" time="0.001"/>
  <system-out><![CDATA[]]></system-out>
  <system-err><![CDATA[]]></system-err>
</testsuite>
