<?xml version="1.0" encoding="UTF-8"?>
<testsuite name="com.example.pix.TaskRulesTest" tests="7" skipped="0" failures="0" errors="0" timestamp="2026-09-17T14:05:55.178Z" hostname="ross-XPS-13-9360" time="0.049">
  <properties/>
  <testcase name="daylightSavingDoesNotShortenCalendarDay" classname="com.example.pix.TaskRulesTest" time="0.018"/>
  <testcase name="sevenDaysAcrossLeapDayAndYear" classname="com.example.pix.TaskRulesTest" time="0.012"/>
  <testcase name="titleBounds" classname="com.example.pix.TaskRulesTest" time="0.007"/>
  <testcase name="timeDeadlineUsesLocalMinute" classname="com.example.pix.TaskRulesTest" time="0.004"/>
  <testcase name="unicodeTagsShareIdentity" classname="com.example.pix.TaskRulesTest" time="0.005"/>
  <testcase name="searchEscapesWildcards" classname="com.example.pix.TaskRulesTest" time="0.002"/>
  <testcase name="allDayIsNotOverdueUntilFollowingDay" classname="com.example.pix.TaskRulesTest" time="0.001"/>
  <system-out><![CDATA[]]></system-out>
  <system-err><![CDATA[]]></system-err>
</testsuite>
